<?xml version="1.0" encoding="UTF-8"?>
<!-- Generated by org.testng.reporters.JUnitReportReporter -->
<testsuite skipped="0" hostname="LAPTOP-MRSNP4RR" name="com.tyss.actitime.scripts.CreateUsers" tests="1" failures="0" timestamp="28 Feb 2023 03:33:13 GMT" time="26.508" errors="0">
  <testcase name="createRequisition" time="26.508" classname="com.tyss.actitime.scripts.CreateUsers"/>
</testsuite> <!-- com.tyss.actitime.scripts.CreateUsers -->
